<?xml version="1.0" encoding="UTF-8"?>
<!-- Generated by org.testng.reporters.JUnitXMLReporter -->
<testsuite ignored="0" hostname="LAPTOP-J9B4MDHC" failures="0" tests="7" name="Chrome Browser Testing" time="37.579" errors="0" timestamp="2025-12-02T16:52:56 IST">
  <testcase classname="crossBroswerTesting.Cross_Browser_Testing2" name="facebook" time="4.51"/>
  <testcase classname="crossBroswerTesting.Cross_Browser_Testing2" name="googleSelenium" time="6.587"/>
  <testcase classname="crossBroswerTesting.Cross_Browser_Testing2" name="googlesearch" time="4.649"/>
  <testcase classname="crossBroswerTesting.Cross_Browser_Testing2" name="googletechlearn" time="3.634"/>
  <testcase classname="crossBroswerTesting.Cross_Browser_Testing2" name="googletest" time="4.784"/>
  <testcase classname="crossBroswerTesting.Cross_Browser_Testing2" name="googletestBeng" time="4.082"/>
  <testcase classname="crossBroswerTesting.Cross_Browser_Testing2" name="selenium" time="4.145"/>
</testsuite> <!-- Chrome Browser Testing -->
