<?xml version="1.0" encoding="UTF-8"?>
<!-- Generated by org.testng.reporters.JUnitXMLReporter -->
<testsuite ignored="0" hostname="LAPTOP-J9B4MDHC" failures="0" tests="7" name="Edge Browser Testing" time="30.863" errors="0" timestamp="2025-12-02T16:53:58 IST">
  <testcase classname="crossBroswerTesting.Cross_Browser_Testing2" name="facebook" time="5.449"/>
  <testcase classname="crossBroswerTesting.Cross_Browser_Testing2" name="googleSelenium" time="5.779"/>
  <testcase classname="crossBroswerTesting.Cross_Browser_Testing2" name="googlesearch" time="3.56"/>
  <testcase classname="crossBroswerTesting.Cross_Browser_Testing2" name="googletechlearn" time="3.121"/>
  <testcase classname="crossBroswerTesting.Cross_Browser_Testing2" name="googletest" time="3.755"/>
  <testcase classname="crossBroswerTesting.Cross_Browser_Testing2" name="googletestBeng" time="3.749"/>
  <testcase classname="crossBroswerTesting.Cross_Browser_Testing2" name="selenium" time="3.606"/>
</testsuite> <!-- Edge Browser Testing -->
