<?xml version="1.0" encoding="UTF-8"?>
<!-- Generated by org.testng.reporters.JUnitXMLReporter -->
<testsuite ignored="0" hostname="LAPTOP-J9B4MDHC" failures="0" tests="7" name="Firefox Browser Testing" time="31.349" errors="0" timestamp="2025-12-02T16:53:27 IST">
  <testcase classname="crossBroswerTesting.Cross_Browser_Testing2" name="facebook" time="4.839"/>
  <testcase classname="crossBroswerTesting.Cross_Browser_Testing2" name="googleSelenium" time="4.067"/>
  <testcase classname="crossBroswerTesting.Cross_Browser_Testing2" name="googlesearch" time="3.636"/>
  <testcase classname="crossBroswerTesting.Cross_Browser_Testing2" name="googletechlearn" time="3.488"/>
  <testcase classname="crossBroswerTesting.Cross_Browser_Testing2" name="googletest" time="3.239"/>
  <testcase classname="crossBroswerTesting.Cross_Browser_Testing2" name="googletestBeng" time="3.246"/>
  <testcase classname="crossBroswerTesting.Cross_Browser_Testing2" name="selenium" time="5.771"/>
</testsuite> <!-- Firefox Browser Testing -->
