<?xml version="1.0" encoding="UTF-8"?>
<!-- Generated by org.testng.reporters.JUnitXMLReporter -->
<testsuite ignored="1" hostname="LAPTOP-J9B4MDHC" failures="0" tests="6" name="Test" time="8.927" errors="0" timestamp="2025-12-06T11:22:45 IST">
  <testcase classname="testNGPraticing.FourthWeekFR" name="method2" time="3.367"/>
  <testcase classname="testNGPraticing.FourthWeekFR" name="method1" time="0.842"/>
  <testcase classname="testNGPraticing.FourthWeekFR" name="method1" time="0.739"/>
  <testcase classname="testNGPraticing.FourthWeekFR" name="method1" time="0.788"/>
  <testcase classname="testNGPraticing.FourthWeekFR" name="method1" time="0.867"/>
  <testcase classname="testNGPraticing.FourthWeekFR" name="method1" time="0.779"/>
  <testcase classname="testNGPraticing.FourthWeekFR" name="techlearn" time="0.0">
    <ignored/>
  </testcase> <!-- techlearn -->
</testsuite> <!-- Test -->
