<?xml version="1.0" encoding="UTF-8"?>
<testng-results ignored="0" total="1" passed="1" failed="0" skipped="0">
  <reporter-output>
  </reporter-output>
  <suite started-at="2026-02-04T11:51:27 IST" name="Default suite" finished-at="2026-02-04T11:51:37 IST" duration-ms="10554">
    <groups>
    </groups>
    <test started-at="2026-02-04T11:51:27 IST" name="Default test" finished-at="2026-02-04T11:51:37 IST" duration-ms="10554">
      <class name="screenshots.NewTest">
        <test-method is-config="true" signature="beforeTest()[pri:0, instance:screenshots.NewTest@41a2befb]" started-at="2026-02-04T11:51:27 IST" name="beforeTest" finished-at="2026-02-04T11:51:29 IST" duration-ms="1631" status="PASS">
          <reporter-output>
          </reporter-output>
        </test-method> <!-- beforeTest -->
        <test-method signature="Specific_Element()[pri:0, instance:screenshots.NewTest@41a2befb]" started-at="2026-02-04T11:51:29 IST" name="Specific_Element" finished-at="2026-02-04T11:51:37 IST" duration-ms="8858" status="PASS">
          <reporter-output>
          </reporter-output>
        </test-method> <!-- Specific_Element -->
      </class> <!-- screenshots.NewTest -->
    </test> <!-- Default test -->
  </suite> <!-- Default suite -->
</testng-results>
