<?xml version="1.0" encoding="UTF-8"?>
<!-- Generated by org.testng.reporters.JUnitReportReporter -->
<testsuite hostname="LAPTOP-J9B4MDHC" failures="0" tests="3" name="crossBroswerTesting.Cross_Browser_Test" time="19.647" errors="0" timestamp="2025-12-01T16:42:07 IST" skipped="0">
  <testcase classname="crossBroswerTesting.Cross_Browser_Test" name="loginTechlearn" time="5.691"/>
  <testcase classname="crossBroswerTesting.Cross_Browser_Test" name="loginTechlearn" time="5.019"/>
  <testcase classname="crossBroswerTesting.Cross_Browser_Test" name="loginTechlearn" time="8.937"/>
</testsuite> <!-- crossBroswerTesting.Cross_Browser_Test -->
