<?xml version="1.0" encoding="UTF-8"?>
<!-- Generated by org.testng.reporters.JUnitReportReporter -->
<testsuite hostname="LAPTOP-J9B4MDHC" failures="0" tests="2" name="testNGPraticing.OneWeekFrGettingTwoClassInXmlPage" time="12.430" errors="0" timestamp="2025-11-18T04:30:31 IST" skipped="0">
  <testcase classname="testNGPraticing.OneWeekFrGettingTwoClassInXmlPage" name="google" time="1.726"/>
  <testcase classname="testNGPraticing.OneWeekFrGettingTwoClassInXmlPage" name="olx" time="10.704"/>
</testsuite> <!-- testNGPraticing.OneWeekFrGettingTwoClassInXmlPage -->
