<?xml version="1.0" encoding="UTF-8"?>
<!-- Generated by org.testng.reporters.JUnitReportReporter -->
<testsuite hostname="LAPTOP-J9B4MDHC" failures="0" tests="4" name="actions.RCDCDDMHKF" time="10.825" errors="0" timestamp="2025-12-27T05:28:25 IST" skipped="3">
  <testcase classname="actions.RCDCDDMHKF" name="KeyboardFunctions" time="10.825"/>
  <testcase classname="actions.RCDCDDMHKF" name="mousehover">
    <skipped/>
  </testcase> <!-- mousehover -->
  <testcase classname="actions.RCDCDDMHKF" name="Rightclick">
    <skipped/>
  </testcase> <!-- Rightclick -->
  <testcase classname="actions.RCDCDDMHKF" name="Doubleclick">
    <skipped/>
  </testcase> <!-- Doubleclick -->
</testsuite> <!-- actions.RCDCDDMHKF -->
