<?xml version="1.0" encoding="UTF-8"?>
<!-- Generated by org.testng.reporters.JUnitReportReporter -->
<testsuite hostname="LAPTOP-J9B4MDHC" failures="0" tests="6" name="testNGPraticing.ThirdWeekFR" time="5.989" errors="0" timestamp="2025-11-29T03:52:50 IST" skipped="2">
  <testcase classname="testNGPraticing.ThirdWeekFR" name="method2" time="3.363"/>
  <testcase classname="testNGPraticing.ThirdWeekFR" name="method1" time="0.961"/>
  <testcase classname="testNGPraticing.ThirdWeekFR" name="method1" time="0.837"/>
  <testcase classname="testNGPraticing.ThirdWeekFR" name="method1" time="0.828"/>
  <testcase classname="testNGPraticing.ThirdWeekFR" name="facebook">
    <skipped/>
  </testcase> <!-- facebook -->
  <testcase classname="testNGPraticing.ThirdWeekFR" name="google">
    <skipped/>
  </testcase> <!-- google -->
</testsuite> <!-- testNGPraticing.ThirdWeekFR -->
