<?xml version="1.0" encoding="UTF-8"?>
<!-- Generated by org.testng.reporters.JUnitReportReporter -->
<testsuite hostname="LAPTOP-J9B4MDHC" failures="0" tests="2" name="testNGPraticing.SecoudWeekxmlTwoClassGettingData" time="7.411" errors="0" timestamp="2025-11-22T05:52:02 IST" skipped="0">
  <testcase classname="testNGPraticing.SecoudWeekxmlTwoClassGettingData" name="Twitter" time="5.833"/>
  <testcase classname="testNGPraticing.SecoudWeekxmlTwoClassGettingData" name="Facebook" time="1.578"/>
</testsuite> <!-- testNGPraticing.SecoudWeekxmlTwoClassGettingData -->
