<?xml version="1.0" encoding="UTF-8"?>
<!-- Generated by org.testng.reporters.JUnitReportReporter -->
<testsuite hostname="LAPTOP-J9B4MDHC" failures="0" tests="6" name="testNG.TestNG_1_TC_ExecutionOrder_By_Alphabatical" time="69.465" errors="0" timestamp="2025-11-13T10:46:52 IST" skipped="0">
  <testcase classname="testNG.TestNG_1_TC_ExecutionOrder_By_Alphabatical" name="selenium" time="13.756"/>
  <testcase classname="testNG.TestNG_1_TC_ExecutionOrder_By_Alphabatical" name="Google" time="3.875"/>
  <testcase classname="testNG.TestNG_1_TC_ExecutionOrder_By_Alphabatical" name="zomato" time="19.000"/>
  <testcase classname="testNG.TestNG_1_TC_ExecutionOrder_By_Alphabatical" name="facebook" time="3.956"/>
  <testcase classname="testNG.TestNG_1_TC_ExecutionOrder_By_Alphabatical" name="swiggy" time="6.175"/>
  <testcase classname="testNG.TestNG_1_TC_ExecutionOrder_By_Alphabatical" name="x" time="22.703"/>
</testsuite> <!-- testNG.TestNG_1_TC_ExecutionOrder_By_Alphabatical -->
