<?xml version="1.0" encoding="UTF-8"?>
<!-- Generated by org.testng.reporters.JUnitReportReporter -->
<testsuite hostname="LAPTOP-J9B4MDHC" failures="0" tests="5" name="dataProvider.singlearraydataprovider" time="13.547" errors="0" timestamp="2025-12-01T16:19:27 IST" skipped="0">
  <testcase classname="dataProvider.singlearraydataprovider" name="search" time="4.084"/>
  <testcase classname="dataProvider.singlearraydataprovider" name="search" time="2.077"/>
  <testcase classname="dataProvider.singlearraydataprovider" name="search" time="2.185"/>
  <testcase classname="dataProvider.singlearraydataprovider" name="search" time="4.053"/>
  <testcase classname="dataProvider.singlearraydataprovider" name="search" time="1.148"/>
</testsuite> <!-- dataProvider.singlearraydataprovider -->
