<?xml version="1.0" encoding="UTF-8"?>
<!-- Generated by org.testng.reporters.JUnitReportReporter -->
<testsuite hostname="LAPTOP-J9B4MDHC" failures="0" tests="6" name="testNGPraticing.fifthweek" time="26.385" errors="0" timestamp="2025-12-13T17:57:25 IST" skipped="0">
  <testcase classname="testNGPraticing.fifthweek" name="method2" time="3.518"/>
  <testcase classname="testNGPraticing.fifthweek" name="method1" time="4.403"/>
  <testcase classname="testNGPraticing.fifthweek" name="method1" time="4.445"/>
  <testcase classname="testNGPraticing.fifthweek" name="method1" time="4.326"/>
  <testcase classname="testNGPraticing.fifthweek" name="method1" time="5.544"/>
  <testcase classname="testNGPraticing.fifthweek" name="method1" time="4.149"/>
</testsuite> <!-- testNGPraticing.fifthweek -->
