<?xml version="1.0" encoding="UTF-8"?>
<!-- Generated by org.testng.reporters.JUnitReportReporter -->
<testsuite hostname="LAPTOP-J9B4MDHC" failures="0" tests="3" name="viewtagnameurltext.TagName_Url_Text" time="1.333" errors="0" timestamp="2025-11-21T10:37:43 IST" skipped="2">
  <testcase classname="viewtagnameurltext.TagName_Url_Text" name="gettingText" time="1.333"/>
  <testcase classname="viewtagnameurltext.TagName_Url_Text" name="TagName">
    <skipped/>
  </testcase> <!-- TagName -->
  <testcase classname="viewtagnameurltext.TagName_Url_Text" name="CurrentUrl">
    <skipped/>
  </testcase> <!-- CurrentUrl -->
</testsuite> <!-- viewtagnameurltext.TagName_Url_Text -->
