<?xml version="1.0" encoding="UTF-8"?>
<!-- Generated by org.testng.reporters.JUnitReportReporter -->
<testsuite hostname="LAPTOP-J9B4MDHC" failures="0" tests="2" name="testNG.TestNG_5_Depends_On_Methods" time="5.719" errors="0" timestamp="2025-11-22T05:30:15 IST" skipped="0">
  <testcase classname="testNG.TestNG_5_Depends_On_Methods" name="method2" time="4.286"/>
  <testcase classname="testNG.TestNG_5_Depends_On_Methods" name="method1" time="1.433"/>
</testsuite> <!-- testNG.TestNG_5_Depends_On_Methods -->
