<?xml version="1.0" encoding="UTF-8"?>
<!-- Generated by org.testng.reporters.JUnitReportReporter -->
<testsuite hostname="LAPTOP-J9B4MDHC" failures="0" tests="9" name="testNGPraticing.ThirdWeekFRSeleniumFeatures" time="8.246" errors="0" timestamp="2025-11-29T11:32:41 IST" skipped="8">
  <testcase classname="testNGPraticing.ThirdWeekFRSeleniumFeatures" name="AllTypeofScreenshots" time="8.246"/>
  <testcase classname="testNGPraticing.ThirdWeekFRSeleniumFeatures" name="DropDown">
    <skipped/>
  </testcase> <!-- DropDown -->
  <testcase classname="testNGPraticing.ThirdWeekFRSeleniumFeatures" name="isDisplayed_isEnabled_isSelected">
    <skipped/>
  </testcase> <!-- isDisplayed_isEnabled_isSelected -->
  <testcase classname="testNGPraticing.ThirdWeekFRSeleniumFeatures" name="newTab_newWindow">
    <skipped/>
  </testcase> <!-- newTab_newWindow -->
  <testcase classname="testNGPraticing.ThirdWeekFRSeleniumFeatures" name="popupAlerts">
    <skipped/>
  </testcase> <!-- popupAlerts -->
  <testcase classname="testNGPraticing.ThirdWeekFRSeleniumFeatures" name="Keywords">
    <skipped/>
  </testcase> <!-- Keywords -->
  <testcase classname="testNGPraticing.ThirdWeekFRSeleniumFeatures" name="title_url_text">
    <skipped/>
  </testcase> <!-- title_url_text -->
  <testcase classname="testNGPraticing.ThirdWeekFRSeleniumFeatures" name="frames_switching">
    <skipped/>
  </testcase> <!-- frames_switching -->
  <testcase classname="testNGPraticing.ThirdWeekFRSeleniumFeatures" name="scroll_up_down">
    <skipped/>
  </testcase> <!-- scroll_up_down -->
</testsuite> <!-- testNGPraticing.ThirdWeekFRSeleniumFeatures -->
