<?xml version="1.0" encoding="UTF-8"?>
<!-- Generated by org.testng.reporters.JUnitReportReporter -->
<testsuite hostname="LAPTOP-J9B4MDHC" failures="0" tests="6" name="testNG.TestNG_4_Description_Feature" time="31.072" errors="0" timestamp="2025-11-14T10:44:00 IST" skipped="0">
  <testcase classname="testNG.TestNG_4_Description_Feature" name="google" time="3.200"/>
  <testcase classname="testNG.TestNG_4_Description_Feature" name="facebook" time="3.951"/>
  <testcase classname="testNG.TestNG_4_Description_Feature" name="x" time="10.770"/>
  <testcase classname="testNG.TestNG_4_Description_Feature" name="zomato" time="8.268"/>
  <testcase classname="testNG.TestNG_4_Description_Feature" name="swiggy" time="0.705"/>
  <testcase classname="testNG.TestNG_4_Description_Feature" name="selenium" time="4.178"/>
</testsuite> <!-- testNG.TestNG_4_Description_Feature -->
