<?xml version="1.0" encoding="UTF-8"?>
<!-- Generated by org.testng.reporters.JUnitReportReporter -->
<testsuite hostname="LAPTOP-J9B4MDHC" failures="0" tests="2" name="testNGPraticing.FourthWeekFR" time="19.595" errors="0" timestamp="2025-12-06T18:19:18 IST" skipped="1">
  <testcase classname="testNGPraticing.FourthWeekFR" name="TabSwitch" time="19.595"/>
  <testcase classname="testNGPraticing.FourthWeekFR" name="techlearn">
    <skipped/>
  </testcase> <!-- techlearn -->
</testsuite> <!-- testNGPraticing.FourthWeekFR -->
