<?xml version="1.0" encoding="UTF-8"?>
<!-- Generated by org.testng.reporters.JUnitReportReporter -->
<testsuite hostname="LAPTOP-J9B4MDHC" failures="0" tests="2" name="pagescroll.ScrollDownUp" time="9.348" errors="0" timestamp="2026-02-02T11:32:39 IST" skipped="1">
  <testcase classname="pagescroll.ScrollDownUp" name="scrolldown" time="9.348"/>
  <testcase classname="pagescroll.ScrollDownUp" name="IndentifyLoacatorElement">
    <skipped/>
  </testcase> <!-- IndentifyLoacatorElement -->
</testsuite> <!-- pagescroll.ScrollDownUp -->
