<?xml version="1.0" encoding="UTF-8"?>
<!-- Generated by org.testng.reporters.JUnitReportReporter -->
<testsuite hostname="LAPTOP-J9B4MDHC" failures="0" tests="6" name="testNG.TestNG_3_TC_ExecutionOrder_By_Prirority" time="10.644" errors="0" timestamp="2025-11-13T18:35:54 IST" skipped="0">
  <testcase classname="testNG.TestNG_3_TC_ExecutionOrder_By_Prirority" name="x" time="6.703"/>
  <testcase classname="testNG.TestNG_3_TC_ExecutionOrder_By_Prirority" name="zomato" time="0.616"/>
  <testcase classname="testNG.TestNG_3_TC_ExecutionOrder_By_Prirority" name="yoogle" time="0.754"/>
  <testcase classname="testNG.TestNG_3_TC_ExecutionOrder_By_Prirority" name="facebook" time="1.040"/>
  <testcase classname="testNG.TestNG_3_TC_ExecutionOrder_By_Prirority" name="swiggy" time="0.728"/>
  <testcase classname="testNG.TestNG_3_TC_ExecutionOrder_By_Prirority" name="selenium" time="0.803"/>
</testsuite> <!-- testNG.TestNG_3_TC_ExecutionOrder_By_Prirority -->
