<?xml version="1.0" encoding="UTF-8"?>
<!-- Generated by org.testng.reporters.JUnitReportReporter -->
<testsuite hostname="LAPTOP-J9B4MDHC" failures="0" tests="6" name="testNG.TestNG_2_TC_Skip_Ignore_Disabled" time="78.671" errors="0" timestamp="2025-11-13T11:02:49 IST" skipped="2">
  <testcase classname="testNG.TestNG_2_TC_Skip_Ignore_Disabled" name="selenium" time="3.884"/>
  <testcase classname="testNG.TestNG_2_TC_Skip_Ignore_Disabled" name="zomato" time="36.982"/>
  <testcase classname="testNG.TestNG_2_TC_Skip_Ignore_Disabled" name="x" time="34.804"/>
  <testcase classname="testNG.TestNG_2_TC_Skip_Ignore_Disabled" name="swiggy" time="3.001"/>
  <testcase classname="testNG.TestNG_2_TC_Skip_Ignore_Disabled" name="facebook">
    <skipped/>
  </testcase> <!-- facebook -->
  <testcase classname="testNG.TestNG_2_TC_Skip_Ignore_Disabled" name="Google">
    <skipped/>
  </testcase> <!-- Google -->
</testsuite> <!-- testNG.TestNG_2_TC_Skip_Ignore_Disabled -->
