<?xml version="1.0" encoding="UTF-8"?>
<!-- Generated by org.testng.reporters.JUnitReportReporter -->
<testsuite hostname="LAPTOP-J9B4MDHC" failures="0" tests="6" name="testNG.TestNG_7_InvocationCount" time="48.832" errors="0" timestamp="2025-11-14T11:16:33 IST" skipped="0">
  <testcase classname="testNG.TestNG_7_InvocationCount" name="techlearnlogin" time="6.315"/>
  <testcase classname="testNG.TestNG_7_InvocationCount" name="techlearnlogin" time="8.924"/>
  <testcase classname="testNG.TestNG_7_InvocationCount" name="techlearnlogin" time="6.238"/>
  <testcase classname="testNG.TestNG_7_InvocationCount" name="hellowtealogin" time="11.936"/>
  <testcase classname="testNG.TestNG_7_InvocationCount" name="techlearnlogin" time="6.613"/>
  <testcase classname="testNG.TestNG_7_InvocationCount" name="techlearnlogin" time="8.806"/>
</testsuite> <!-- testNG.TestNG_7_InvocationCount -->
