<?xml version="1.0" encoding="UTF-8"?>
<!-- Generated by org.testng.reporters.JUnitReportReporter -->
<testsuite hostname="LAPTOP-J9B4MDHC" failures="0" tests="2" name="testNGPraticing.ThirdWeekGettingTwoClass" time="8.058" errors="0" timestamp="2025-11-29T03:58:09 IST" skipped="0">
  <testcase classname="testNGPraticing.ThirdWeekGettingTwoClass" name="twitter" time="5.979"/>
  <testcase classname="testNGPraticing.ThirdWeekGettingTwoClass" name="facebook" time="2.079"/>
</testsuite> <!-- testNGPraticing.ThirdWeekGettingTwoClass -->
