<?xml version="1.0" encoding="UTF-8"?>
<!-- Generated by org.testng.reporters.JUnitReportReporter -->
<testsuite hostname="LAPTOP-J9B4MDHC" failures="0" tests="21" name="crossBroswerTesting.Cross_Browser_Testing2" time="89.696" errors="0" timestamp="2025-12-02T16:53:58 IST" skipped="0">
  <testcase classname="crossBroswerTesting.Cross_Browser_Testing2" name="selenium" time="5.771"/>
  <testcase classname="crossBroswerTesting.Cross_Browser_Testing2" name="googleSelenium" time="4.067"/>
  <testcase classname="crossBroswerTesting.Cross_Browser_Testing2" name="googlesearch" time="4.649"/>
  <testcase classname="crossBroswerTesting.Cross_Browser_Testing2" name="googletechlearn" time="3.488"/>
  <testcase classname="crossBroswerTesting.Cross_Browser_Testing2" name="facebook" time="4.839"/>
  <testcase classname="crossBroswerTesting.Cross_Browser_Testing2" name="googletest" time="3.239"/>
  <testcase classname="crossBroswerTesting.Cross_Browser_Testing2" name="googlesearch" time="3.560"/>
  <testcase classname="crossBroswerTesting.Cross_Browser_Testing2" name="facebook" time="4.510"/>
  <testcase classname="crossBroswerTesting.Cross_Browser_Testing2" name="facebook" time="5.449"/>
  <testcase classname="crossBroswerTesting.Cross_Browser_Testing2" name="googletest" time="3.755"/>
  <testcase classname="crossBroswerTesting.Cross_Browser_Testing2" name="selenium" time="3.606"/>
  <testcase classname="crossBroswerTesting.Cross_Browser_Testing2" name="googletechlearn" time="3.121"/>
  <testcase classname="crossBroswerTesting.Cross_Browser_Testing2" name="googletestBeng" time="4.082"/>
  <testcase classname="crossBroswerTesting.Cross_Browser_Testing2" name="googleSelenium" time="5.779"/>
  <testcase classname="crossBroswerTesting.Cross_Browser_Testing2" name="googleSelenium" time="6.587"/>
  <testcase classname="crossBroswerTesting.Cross_Browser_Testing2" name="googlesearch" time="3.636"/>
  <testcase classname="crossBroswerTesting.Cross_Browser_Testing2" name="selenium" time="4.145"/>
  <testcase classname="crossBroswerTesting.Cross_Browser_Testing2" name="googletestBeng" time="3.749"/>
  <testcase classname="crossBroswerTesting.Cross_Browser_Testing2" name="googletest" time="4.784"/>
  <testcase classname="crossBroswerTesting.Cross_Browser_Testing2" name="googletestBeng" time="3.246"/>
  <testcase classname="crossBroswerTesting.Cross_Browser_Testing2" name="googletechlearn" time="3.634"/>
</testsuite> <!-- crossBroswerTesting.Cross_Browser_Testing2 -->
