<?xml version="1.0" encoding="UTF-8"?>
<!-- Generated by org.testng.reporters.JUnitReportReporter -->
<testsuite hostname="LAPTOP-J9B4MDHC" failures="0" tests="5" name="dataProvider.myDataProvider" time="16.102" errors="0" timestamp="2025-12-26T15:03:13 IST" skipped="0">
  <testcase classname="dataProvider.myDataProvider" name="login" time="2.513"/>
  <testcase classname="dataProvider.myDataProvider" name="login" time="2.909"/>
  <testcase classname="dataProvider.myDataProvider" name="login" time="5.491"/>
  <testcase classname="dataProvider.myDataProvider" name="login" time="3.151"/>
  <testcase classname="dataProvider.myDataProvider" name="login" time="2.038"/>
</testsuite> <!-- dataProvider.myDataProvider -->
